<?xml version="1.0" encoding="UTF-8"?>
<!-- Generated by org.testng.reporters.JUnitReportReporter -->
<testsuite skipped="0" hostname="IND-PF0XJQYL-LT" name="Selenium1FirstTest" tests="1" failures="0" timestamp="2019-01-05T19:39:27 IST" time="17.705" errors="0">
  <testcase name="loginFaceBook" time="17.705" classname="Selenium1FirstTest"/>
</testsuite> <!-- Selenium1FirstTest -->
