<?xml version="1.0" encoding="UTF-8"?>
<!-- Generated by org.testng.reporters.JUnitReportReporter -->
<testsuite skipped="0" hostname="IND-PF0XJQYL-LT" name="Selenium4DropDownSingle" tests="1" failures="0" timestamp="2019-01-05T19:39:27 IST" time="24.413" errors="0">
  <testcase name="dropDownPractice" time="24.413" classname="Selenium4DropDownSingle"/>
</testsuite> <!-- Selenium4DropDownSingle -->
