<?xml version="1.0" encoding="UTF-8"?>
<!-- Generated by org.testng.reporters.JUnitReportReporter -->
<testsuite skipped="0" hostname="IND-PF0XJQYL-LT" name="Selenium2RadioButtons" tests="1" failures="0" timestamp="2019-01-05T19:39:27 IST" time="4.957" errors="0">
  <testcase name="RadioButtonPractice" time="4.957" classname="Selenium2RadioButtons"/>
</testsuite> <!-- Selenium2RadioButtons -->
