<?xml version="1.0" encoding="UTF-8"?>
<!-- Generated by org.testng.reporters.JUnitReportReporter -->
<testsuite skipped="0" hostname="IND-PF0XJQYL-LT" name="Selenium5DropDownMultiple" tests="1" failures="0" timestamp="2019-01-05T19:39:27 IST" time="9.740" errors="0">
  <testcase name="multiDropDownPractice" time="9.740" classname="Selenium5DropDownMultiple"/>
</testsuite> <!-- Selenium5DropDownMultiple -->
