<?xml version="1.0" encoding="UTF-8"?>
<!-- Generated by org.testng.reporters.JUnitReportReporter -->
<testsuite skipped="0" hostname="IND-PF0XJQYL-LT" name="Selenium3CheckBoxes" tests="1" failures="0" timestamp="2019-01-08T16:24:08 IST" time="131.246" errors="0">
  <testcase name="CheckBoxPractice" time="131.246" classname="Selenium3CheckBoxes"/>
</testsuite> <!-- Selenium3CheckBoxes -->
